<?xml version="1.0" encoding="UTF-8"?>
<!-- Generated by org.testng.reporters.JUnitReportReporter -->
<testsuite hostname="PDC3A-L-138LXDX" failures="0" tests="3" name="acceture.Test.SubmitOrderTest_Final" time="45.479" errors="0" timestamp="2024-01-02T21:55:00 IST" skipped="0">
  <testcase classname="acceture.Test.SubmitOrderTest_Final" name="SubmitOrder" time="23.051"/>
  <testcase classname="acceture.Test.SubmitOrderTest_Final" name="OrderHistoryTest" time="4.602"/>
  <testcase classname="acceture.Test.SubmitOrderTest_Final" name="SubmitOrder" time="17.826"/>
</testsuite> <!-- acceture.Test.SubmitOrderTest_Final -->
