<?xml version="1.0" encoding="UTF-8"?>
<!-- Generated by org.testng.reporters.JUnitReportReporter -->
<testsuite hostname="PDC3A-L-138LXDX" failures="0" tests="1" name="acceture.Test.Tradingview" time="14.552" errors="0" timestamp="2024-01-02T20:56:39 IST" skipped="0">
  <testcase classname="acceture.Test.Tradingview" name="Trading" time="14.552"/>
</testsuite> <!-- acceture.Test.Tradingview -->
